[2021-09-20 00:09:00.031] [com.zaxxer.hikari.pool.HikariPool$HouseKeeper] [HikariPool-1 housekeeper] [787] [WARN ] HikariPool-1 - Thread starvation or clock leap detected (housekeeper delta=14m19s865ms).
[2021-09-20 00:18:45.016] [com.zaxxer.hikari.pool.HikariPool$HouseKeeper] [HikariPool-1 housekeeper] [787] [WARN ] HikariPool-1 - Thread starvation or clock leap detected (housekeeper delta=9m44s985ms).
[2021-09-20 00:28:49.214] [com.zaxxer.hikari.pool.HikariPool$HouseKeeper] [HikariPool-1 housekeeper] [787] [WARN ] HikariPool-1 - Thread starvation or clock leap detected (housekeeper delta=10m4s198ms).
[2021-09-20 00:48:34.628] [com.zaxxer.hikari.pool.HikariPool$HouseKeeper] [HikariPool-1 housekeeper] [787] [WARN ] HikariPool-1 - Thread starvation or clock leap detected (housekeeper delta=19m45s388ms).
[2021-09-20 00:53:08.243] [com.zaxxer.hikari.pool.HikariPool$HouseKeeper] [HikariPool-1 housekeeper] [787] [WARN ] HikariPool-1 - Thread starvation or clock leap detected (housekeeper delta=4m33s639ms).
[2021-09-20 01:56:26.717] [com.zaxxer.hikari.pool.HikariPool$HouseKeeper] [HikariPool-1 housekeeper] [787] [WARN ] HikariPool-1 - Thread starvation or clock leap detected (housekeeper delta=1h3m18s399ms).
[2021-09-20 02:26:30.657] [com.zaxxer.hikari.pool.HikariPool$HouseKeeper] [HikariPool-1 housekeeper] [787] [WARN ] HikariPool-1 - Thread starvation or clock leap detected (housekeeper delta=30m4s14ms).
[2021-09-20 02:35:58.653] [com.zaxxer.hikari.pool.HikariPool$HouseKeeper] [HikariPool-1 housekeeper] [787] [WARN ] HikariPool-1 - Thread starvation or clock leap detected (housekeeper delta=9m27s998ms).
[2021-09-20 02:55:14.653] [com.zaxxer.hikari.pool.HikariPool$HouseKeeper] [HikariPool-1 housekeeper] [787] [WARN ] HikariPool-1 - Thread starvation or clock leap detected (housekeeper delta=19m15s998ms).
[2021-09-20 02:57:56.373] [com.zaxxer.hikari.pool.HikariPool$HouseKeeper] [HikariPool-1 housekeeper] [787] [WARN ] HikariPool-1 - Thread starvation or clock leap detected (housekeeper delta=2m41s722ms).
[2021-09-20 03:18:57.605] [com.zaxxer.hikari.pool.HikariPool$HouseKeeper] [HikariPool-1 housekeeper] [787] [WARN ] HikariPool-1 - Thread starvation or clock leap detected (housekeeper delta=21m1s231ms).
[2021-09-20 03:31:18.590] [com.zaxxer.hikari.pool.HikariPool$HouseKeeper] [HikariPool-1 housekeeper] [787] [WARN ] HikariPool-1 - Thread starvation or clock leap detected (housekeeper delta=12m20s947ms).
[2021-09-20 03:39:44.730] [com.zaxxer.hikari.pool.HikariPool$HouseKeeper] [HikariPool-1 housekeeper] [787] [WARN ] HikariPool-1 - Thread starvation or clock leap detected (housekeeper delta=8m26s177ms).
[2021-09-20 03:43:56.767] [com.zaxxer.hikari.pool.HikariPool$HouseKeeper] [HikariPool-1 housekeeper] [787] [WARN ] HikariPool-1 - Thread starvation or clock leap detected (housekeeper delta=4m12s39ms).
[2021-09-20 04:10:58.939] [com.zaxxer.hikari.pool.HikariPool$HouseKeeper] [HikariPool-1 housekeeper] [787] [WARN ] HikariPool-1 - Thread starvation or clock leap detected (housekeeper delta=27m2s172ms).
[2021-09-20 04:18:07.256] [com.zaxxer.hikari.pool.HikariPool$HouseKeeper] [HikariPool-1 housekeeper] [787] [WARN ] HikariPool-1 - Thread starvation or clock leap detected (housekeeper delta=6m38s279ms).
[2021-09-20 04:21:37.501] [com.zaxxer.hikari.pool.HikariPool$HouseKeeper] [HikariPool-1 housekeeper] [787] [WARN ] HikariPool-1 - Thread starvation or clock leap detected (housekeeper delta=3m30s244ms).
[2021-09-20 04:26:28.054] [com.zaxxer.hikari.pool.HikariPool$HouseKeeper] [HikariPool-1 housekeeper] [787] [WARN ] HikariPool-1 - Thread starvation or clock leap detected (housekeeper delta=4m50s552ms).
[2021-09-20 05:16:37.568] [com.zaxxer.hikari.pool.HikariPool$HouseKeeper] [HikariPool-1 housekeeper] [787] [WARN ] HikariPool-1 - Thread starvation or clock leap detected (housekeeper delta=50m9s518ms).
[2021-09-20 05:21:02.266] [com.zaxxer.hikari.pool.HikariPool$HouseKeeper] [HikariPool-1 housekeeper] [787] [WARN ] HikariPool-1 - Thread starvation or clock leap detected (housekeeper delta=4m24s696ms).
[2021-09-20 05:24:15.271] [com.zaxxer.hikari.pool.HikariPool$HouseKeeper] [HikariPool-1 housekeeper] [787] [WARN ] HikariPool-1 - Thread starvation or clock leap detected (housekeeper delta=3m13s7ms).
[2021-09-20 05:32:14.658] [com.zaxxer.hikari.pool.HikariPool$HouseKeeper] [HikariPool-1 housekeeper] [787] [WARN ] HikariPool-1 - Thread starvation or clock leap detected (housekeeper delta=7m59s385ms).
[2021-09-20 06:01:07.695] [com.zaxxer.hikari.pool.HikariPool$HouseKeeper] [HikariPool-1 housekeeper] [787] [WARN ] HikariPool-1 - Thread starvation or clock leap detected (housekeeper delta=28m53s40ms).
[2021-09-20 06:07:34.922] [com.zaxxer.hikari.pool.HikariPool$HouseKeeper] [HikariPool-1 housekeeper] [787] [WARN ] HikariPool-1 - Thread starvation or clock leap detected (housekeeper delta=6m27s191ms).
[2021-09-20 06:22:00.140] [com.zaxxer.hikari.pool.HikariPool$HouseKeeper] [HikariPool-1 housekeeper] [787] [WARN ] HikariPool-1 - Thread starvation or clock leap detected (housekeeper delta=14m25s253ms).
[2021-09-20 06:23:57.449] [com.zaxxer.hikari.pool.HikariPool$HouseKeeper] [HikariPool-1 housekeeper] [787] [WARN ] HikariPool-1 - Thread starvation or clock leap detected (housekeeper delta=1m57s310ms).
[2021-09-20 06:53:18.131] [com.zaxxer.hikari.pool.HikariPool$HouseKeeper] [HikariPool-1 housekeeper] [787] [WARN ] HikariPool-1 - Thread starvation or clock leap detected (housekeeper delta=29m20s657ms).
[2021-09-20 07:17:33.391] [com.zaxxer.hikari.pool.HikariPool$HouseKeeper] [HikariPool-1 housekeeper] [787] [WARN ] HikariPool-1 - Thread starvation or clock leap detected (housekeeper delta=23m45s226ms).
[2021-09-20 07:28:48.929] [com.zaxxer.hikari.pool.HikariPool$HouseKeeper] [HikariPool-1 housekeeper] [787] [WARN ] HikariPool-1 - Thread starvation or clock leap detected (housekeeper delta=11m15s501ms).
[2021-09-20 07:34:04.461] [com.zaxxer.hikari.pool.HikariPool$HouseKeeper] [HikariPool-1 housekeeper] [787] [WARN ] HikariPool-1 - Thread starvation or clock leap detected (housekeeper delta=5m15s566ms).
[2021-09-20 08:00:03.238] [com.zaxxer.hikari.pool.HikariPool$HouseKeeper] [HikariPool-1 housekeeper] [787] [WARN ] HikariPool-1 - Thread starvation or clock leap detected (housekeeper delta=25m58s781ms).
[2021-09-20 08:16:45.024] [com.zaxxer.hikari.pool.HikariPool$HouseKeeper] [HikariPool-1 housekeeper] [787] [WARN ] HikariPool-1 - Thread starvation or clock leap detected (housekeeper delta=16m11s713ms).
[2021-09-20 08:42:20.100] [com.zaxxer.hikari.pool.HikariPool$HouseKeeper] [HikariPool-1 housekeeper] [787] [WARN ] HikariPool-1 - Thread starvation or clock leap detected (housekeeper delta=25m35s23ms).
[2021-09-20 09:02:24.434] [com.zaxxer.hikari.pool.HikariPool$HouseKeeper] [HikariPool-1 housekeeper] [787] [WARN ] HikariPool-1 - Thread starvation or clock leap detected (housekeeper delta=19m34s227ms).
[2021-09-20 09:11:21.742] [com.zaxxer.hikari.pool.HikariPool$HouseKeeper] [HikariPool-1 housekeeper] [787] [WARN ] HikariPool-1 - Thread starvation or clock leap detected (housekeeper delta=8m57s286ms).
[2021-09-20 09:13:39.588] [com.zaxxer.hikari.pool.HikariPool$HouseKeeper] [HikariPool-1 housekeeper] [787] [WARN ] HikariPool-1 - Thread starvation or clock leap detected (housekeeper delta=2m17s866ms).
[2021-09-20 09:31:17.890] [com.zaxxer.hikari.pool.HikariPool$HouseKeeper] [HikariPool-1 housekeeper] [787] [WARN ] HikariPool-1 - Thread starvation or clock leap detected (housekeeper delta=17m38s306ms).
[2021-09-20 09:43:03.542] [com.zaxxer.hikari.pool.HikariPool$HouseKeeper] [HikariPool-1 housekeeper] [787] [WARN ] HikariPool-1 - Thread starvation or clock leap detected (housekeeper delta=11m45s612ms).
[2021-09-20 09:51:09.525] [com.zaxxer.hikari.pool.HikariPool$HouseKeeper] [HikariPool-1 housekeeper] [787] [WARN ] HikariPool-1 - Thread starvation or clock leap detected (housekeeper delta=8m6s23ms).
[2021-09-20 10:03:57.699] [com.zaxxer.hikari.pool.HikariPool$HouseKeeper] [HikariPool-1 housekeeper] [787] [WARN ] HikariPool-1 - Thread starvation or clock leap detected (housekeeper delta=12m48s174ms).
[2021-09-20 10:20:38.145] [com.zaxxer.hikari.pool.HikariPool$HouseKeeper] [HikariPool-1 housekeeper] [787] [WARN ] HikariPool-1 - Thread starvation or clock leap detected (housekeeper delta=16m40s446ms).
[2021-09-20 10:23:07.592] [com.zaxxer.hikari.pool.HikariPool$HouseKeeper] [HikariPool-1 housekeeper] [787] [WARN ] HikariPool-1 - Thread starvation or clock leap detected (housekeeper delta=2m29s444ms).
[2021-09-20 10:29:34.998] [com.zaxxer.hikari.pool.HikariPool$HouseKeeper] [HikariPool-1 housekeeper] [787] [WARN ] HikariPool-1 - Thread starvation or clock leap detected (housekeeper delta=4m27s37ms).
[2021-09-20 10:33:04.946] [com.zaxxer.hikari.pool.HikariPool$HouseKeeper] [HikariPool-1 housekeeper] [787] [WARN ] HikariPool-1 - Thread starvation or clock leap detected (housekeeper delta=3m30s306ms).
[2021-09-20 10:48:05.415] [com.zaxxer.hikari.pool.HikariPool$HouseKeeper] [HikariPool-1 housekeeper] [787] [WARN ] HikariPool-1 - Thread starvation or clock leap detected (housekeeper delta=15m469ms).
[2021-09-20 11:02:57.423] [com.zaxxer.hikari.pool.HikariPool$HouseKeeper] [HikariPool-1 housekeeper] [787] [WARN ] HikariPool-1 - Thread starvation or clock leap detected (housekeeper delta=14m22s8ms).
[2021-09-20 11:18:19.477] [com.zaxxer.hikari.pool.HikariPool$HouseKeeper] [HikariPool-1 housekeeper] [787] [WARN ] HikariPool-1 - Thread starvation or clock leap detected (housekeeper delta=14m22s44ms).
[2021-09-20 11:33:12.473] [com.zaxxer.hikari.pool.HikariPool$HouseKeeper] [HikariPool-1 housekeeper] [787] [WARN ] HikariPool-1 - Thread starvation or clock leap detected (housekeeper delta=14m22s989ms).
[2021-09-20 11:48:05.461] [com.zaxxer.hikari.pool.HikariPool$HouseKeeper] [HikariPool-1 housekeeper] [787] [WARN ] HikariPool-1 - Thread starvation or clock leap detected (housekeeper delta=14m22s985ms).
[2021-09-20 12:18:13.912] [com.zaxxer.hikari.pool.HikariPool$HouseKeeper] [HikariPool-1 housekeeper] [787] [WARN ] HikariPool-1 - Thread starvation or clock leap detected (housekeeper delta=29m8s437ms).
[2021-09-20 12:29:31.352] [com.zaxxer.hikari.pool.HikariPool$HouseKeeper] [HikariPool-1 housekeeper] [787] [WARN ] HikariPool-1 - Thread starvation or clock leap detected (housekeeper delta=10m47s506ms).
[2021-09-20 12:45:55.090] [com.zaxxer.hikari.pool.HikariPool$HouseKeeper] [HikariPool-1 housekeeper] [787] [WARN ] HikariPool-1 - Thread starvation or clock leap detected (housekeeper delta=15m53s730ms).
[2021-09-20 13:22:52.870] [com.zaxxer.hikari.pool.HikariPool$HouseKeeper] [HikariPool-1 housekeeper] [787] [WARN ] HikariPool-1 - Thread starvation or clock leap detected (housekeeper delta=36m57s781ms).
[2021-09-20 13:25:35.366] [com.zaxxer.hikari.pool.HikariPool$HouseKeeper] [HikariPool-1 housekeeper] [787] [WARN ] HikariPool-1 - Thread starvation or clock leap detected (housekeeper delta=2m42s496ms).
[2021-09-20 13:40:40.487] [com.zaxxer.hikari.pool.HikariPool$HouseKeeper] [HikariPool-1 housekeeper] [787] [WARN ] HikariPool-1 - Thread starvation or clock leap detected (housekeeper delta=15m5s60ms).
[2021-09-20 13:56:00.502] [com.zaxxer.hikari.pool.HikariPool$HouseKeeper] [HikariPool-1 housekeeper] [787] [WARN ] HikariPool-1 - Thread starvation or clock leap detected (housekeeper delta=15m20s73ms).
[2021-09-20 14:12:34.139] [com.zaxxer.hikari.pool.HikariPool$HouseKeeper] [HikariPool-1 housekeeper] [787] [WARN ] HikariPool-1 - Thread starvation or clock leap detected (housekeeper delta=16m3s548ms).
[2021-09-20 14:27:54.225] [com.zaxxer.hikari.pool.HikariPool$HouseKeeper] [HikariPool-1 housekeeper] [787] [WARN ] HikariPool-1 - Thread starvation or clock leap detected (housekeeper delta=15m20s153ms).
[2021-09-20 14:58:00.283] [com.zaxxer.hikari.pool.HikariPool$HouseKeeper] [HikariPool-1 housekeeper] [787] [WARN ] HikariPool-1 - Thread starvation or clock leap detected (housekeeper delta=30m6s59ms).
[2021-09-20 15:28:09.054] [com.zaxxer.hikari.pool.HikariPool$HouseKeeper] [HikariPool-1 housekeeper] [787] [WARN ] HikariPool-1 - Thread starvation or clock leap detected (housekeeper delta=30m8s751ms).
[2021-09-20 15:58:23.104] [com.zaxxer.hikari.pool.HikariPool$HouseKeeper] [HikariPool-1 housekeeper] [787] [WARN ] HikariPool-1 - Thread starvation or clock leap detected (housekeeper delta=30m14s38ms).
[2021-09-20 18:58:41.310] [com.zaxxer.hikari.pool.HikariPool$HouseKeeper] [HikariPool-1 housekeeper] [787] [WARN ] HikariPool-1 - Thread starvation or clock leap detected (housekeeper delta=3h18s234ms).
[2021-09-20 20:42:56.378] [com.zaxxer.hikari.pool.HikariPool$HouseKeeper] [HikariPool-1 housekeeper] [787] [WARN ] HikariPool-1 - Thread starvation or clock leap detected (housekeeper delta=1h44m15s70ms).
[2021-09-20 22:02:20.916] [com.zaxxer.hikari.pool.HikariPool$HouseKeeper] [HikariPool-1 housekeeper] [787] [WARN ] HikariPool-1 - Thread starvation or clock leap detected (housekeeper delta=18m24s133ms).
[2021-09-20 22:08:15.583] [com.zaxxer.hikari.pool.HikariPool$HouseKeeper] [HikariPool-1 housekeeper] [787] [WARN ] HikariPool-1 - Thread starvation or clock leap detected (housekeeper delta=5m24s640ms).
[2021-09-20 22:19:05.854] [com.zaxxer.hikari.pool.HikariPool$HouseKeeper] [HikariPool-1 housekeeper] [787] [WARN ] HikariPool-1 - Thread starvation or clock leap detected (housekeeper delta=10m20s263ms).
[2021-09-20 22:44:53.180] [com.zaxxer.hikari.pool.HikariPool$HouseKeeper] [HikariPool-1 housekeeper] [787] [WARN ] HikariPool-1 - Thread starvation or clock leap detected (housekeeper delta=11m17s204ms).
[2021-09-20 22:44:54.959] [org.springframework.scheduling.concurrent.ExecutorConfigurationSupport] [SpringContextShutdownHook] [218] [INFO ] Shutting down ExecutorService 'applicationTaskExecutor'
[2021-09-20 22:44:54.968] [com.zaxxer.hikari.HikariDataSource] [SpringContextShutdownHook] [350] [INFO ] HikariPool-1 - Shutdown initiated...
[2021-09-20 22:44:54.977] [com.zaxxer.hikari.HikariDataSource] [SpringContextShutdownHook] [352] [INFO ] HikariPool-1 - Shutdown completed.
