[2021-09-15 00:03:48.202] [org.springframework.boot.StartupInfoLogger] [restartedMain] [55] [INFO ] Starting StartConferencePlus using Java 1.8.0_281 on MacBook-Pro.local with PID 24895 (/Users/Development/ConferenceManagementSystem/Backend/target/classes started by joel in /Users/Development/ConferenceManagementSystem/Backend)
[2021-09-15 00:03:48.203] [org.hibernate.validator.internal.util.Version] [background-preinit] [21] [INFO ] HV000001: Hibernate Validator 6.1.6.Final
[2021-09-15 00:03:48.205] [org.springframework.boot.SpringApplication] [restartedMain] [660] [INFO ] No active profile set, falling back to default profiles: default
[2021-09-15 00:03:48.247] [org.springframework.boot.logging.DeferredLog] [restartedMain] [255] [INFO ] Devtools property defaults active! Set 'spring.devtools.add-properties' to 'false' to disable
[2021-09-15 00:03:48.247] [org.springframework.boot.logging.DeferredLog] [restartedMain] [255] [INFO ] For additional web related logging consider setting the 'logging.level.web' property to 'DEBUG'
[2021-09-15 00:03:49.159] [org.springframework.data.repository.config.RepositoryConfigurationDelegate] [restartedMain] [250] [INFO ] Multiple Spring Data modules found, entering strict repository configuration mode!
[2021-09-15 00:03:49.161] [org.springframework.data.repository.config.RepositoryConfigurationDelegate] [restartedMain] [128] [INFO ] Bootstrapping Spring Data Redis repositories in DEFAULT mode.
[2021-09-15 00:03:49.191] [org.springframework.data.repository.config.RepositoryConfigurationDelegate] [restartedMain] [188] [INFO ] Finished Spring Data repository scanning in 17 ms. Found 0 Redis repository interfaces.
[2021-09-15 00:03:49.623] [org.springframework.context.support.PostProcessorRegistrationDelegate$BeanPostProcessorChecker] [restartedMain] [350] [INFO ] Bean 'redisConfig' of type [com.hongmai.conference.config.RedisConfig$$EnhancerBySpringCGLIB$$df9e9f0f] is not eligible for getting processed by all BeanPostProcessors (for example: not eligible for auto-proxying)
[2021-09-15 00:03:49.917] [org.springframework.boot.web.embedded.tomcat.TomcatWebServer] [restartedMain] [108] [INFO ] Tomcat initialized with port(s): 8090 (http)
[2021-09-15 00:03:49.924] [org.apache.juli.logging.DirectJDKLog] [restartedMain] [173] [INFO ] Initializing ProtocolHandler ["http-nio-8090"]
[2021-09-15 00:03:49.925] [org.apache.juli.logging.DirectJDKLog] [restartedMain] [173] [INFO ] Starting service [Tomcat]
[2021-09-15 00:03:49.925] [org.apache.juli.logging.DirectJDKLog] [restartedMain] [173] [INFO ] Starting Servlet engine: [Apache Tomcat/9.0.39]
[2021-09-15 00:03:49.977] [org.apache.juli.logging.DirectJDKLog] [restartedMain] [173] [INFO ] Initializing Spring embedded WebApplicationContext
[2021-09-15 00:03:49.977] [org.springframework.boot.web.servlet.context.ServletWebServerApplicationContext] [restartedMain] [289] [INFO ] Root WebApplicationContext: initialization completed in 1729 ms
[2021-09-15 00:03:50.556] [com.baomidou.mybatisplus.core.metadata.TableInfoHelper] [restartedMain] [307] [WARN ] Can not find table primary key in Class: "com.hongmai.conference.model.domain.CpBaseRole".
[2021-09-15 00:03:50.823] [org.springframework.security.access.intercept.AbstractSecurityInterceptor] [restartedMain] [153] [WARN ] Could not validate configuration attributes as the SecurityMetadataSource did not return any attributes from getAllConfigAttributes()
[2021-09-15 00:03:52.748] [org.springframework.boot.autoconfigure.web.servlet.WelcomePageHandlerMapping] [restartedMain] [58] [INFO ] Adding welcome page template: index
[2021-09-15 00:03:52.851] [org.springframework.security.web.DefaultSecurityFilterChain] [restartedMain] [51] [INFO ] Will secure any request with [org.springframework.security.web.context.request.async.WebAsyncManagerIntegrationFilter@16bb0cd, org.springframework.security.web.context.SecurityContextPersistenceFilter@5194dc72, org.springframework.security.web.header.HeaderWriterFilter@6c7f3a34, org.springframework.web.filter.CorsFilter@7d9bb627, org.springframework.security.web.authentication.logout.LogoutFilter@2ca68b97, com.hongmai.conference.security.LoginFilter@2ac9bcd4, org.springframework.security.web.savedrequest.RequestCacheAwareFilter@dbbcbc, org.springframework.security.web.servletapi.SecurityContextHolderAwareRequestFilter@72d0fbe4, org.springframework.security.web.authentication.AnonymousAuthenticationFilter@6c8343d8, org.springframework.security.web.session.SessionManagementFilter@2ccc59e6, org.springframework.security.web.access.ExceptionTranslationFilter@60f2e605, com.hongmai.conference.security.AuthFilter@6491f1e8, org.springframework.security.web.access.intercept.FilterSecurityInterceptor@cec8a05]
[2021-09-15 00:03:52.903] [org.springframework.scheduling.concurrent.ExecutorConfigurationSupport] [restartedMain] [181] [INFO ] Initializing ExecutorService 'applicationTaskExecutor'
[2021-09-15 00:03:53.220] [org.springframework.boot.devtools.autoconfigure.OptionalLiveReloadServer] [restartedMain] [58] [INFO ] LiveReload server is running on port 35729
[2021-09-15 00:03:53.264] [org.apache.juli.logging.DirectJDKLog] [restartedMain] [173] [INFO ] Starting ProtocolHandler ["http-nio-8090"]
[2021-09-15 00:03:53.291] [org.springframework.boot.web.embedded.tomcat.TomcatWebServer] [restartedMain] [220] [INFO ] Tomcat started on port(s): 8090 (http) with context path ''
[2021-09-15 00:03:53.301] [org.springframework.boot.StartupInfoLogger] [restartedMain] [61] [INFO ] Started StartConferencePlus in 5.447 seconds (JVM running for 6.085)
[2021-09-15 00:03:53.308] [com.zaxxer.hikari.HikariDataSource] [restartedMain] [110] [INFO ] HikariPool-1 - Starting...
[2021-09-15 00:03:58.391] [org.springframework.boot.autoconfigure.logging.ConditionEvaluationReportLoggingListener] [restartedMain] [136] [INFO ] 

Error starting ApplicationContext. To display the conditions report re-run your application with 'debug' enabled.
[2021-09-15 00:03:59.624] [org.springframework.scheduling.concurrent.ExecutorConfigurationSupport] [restartedMain] [218] [INFO ] Shutting down ExecutorService 'applicationTaskExecutor'
