[2021-12-15 09:22:44.401] [org.hibernate.validator.internal.util.Version] [background-preinit] [21] [INFO ] HV000001: Hibernate Validator 6.1.6.Final
[2021-12-15 09:22:44.408] [org.springframework.boot.StartupInfoLogger] [restartedMain] [55] [INFO ] Starting StartConferencePlus using Java 1.8.0_281 on MacBook-Pro.local with PID 29300 (/Users/Development/ConferenceManagementSystem/Backend/target/classes started by joel in /Users/Development/ConferenceManagementSystem/Backend)
[2021-12-15 09:22:44.408] [org.springframework.boot.SpringApplication] [restartedMain] [660] [INFO ] No active profile set, falling back to default profiles: default
[2021-12-15 09:22:44.444] [org.springframework.boot.logging.DeferredLog] [restartedMain] [255] [INFO ] Devtools property defaults active! Set 'spring.devtools.add-properties' to 'false' to disable
[2021-12-15 09:22:44.445] [org.springframework.boot.logging.DeferredLog] [restartedMain] [255] [INFO ] For additional web related logging consider setting the 'logging.level.web' property to 'DEBUG'
[2021-12-15 09:22:45.338] [org.springframework.data.repository.config.RepositoryConfigurationDelegate] [restartedMain] [250] [INFO ] Multiple Spring Data modules found, entering strict repository configuration mode!
[2021-12-15 09:22:45.340] [org.springframework.data.repository.config.RepositoryConfigurationDelegate] [restartedMain] [128] [INFO ] Bootstrapping Spring Data Redis repositories in DEFAULT mode.
[2021-12-15 09:22:45.370] [org.springframework.data.repository.config.RepositoryConfigurationDelegate] [restartedMain] [188] [INFO ] Finished Spring Data repository scanning in 17 ms. Found 0 Redis repository interfaces.
[2021-12-15 09:22:45.785] [org.springframework.context.support.PostProcessorRegistrationDelegate$BeanPostProcessorChecker] [restartedMain] [350] [INFO ] Bean 'redisConfig' of type [com.hongmai.clonfer.config.RedisConfig$$EnhancerBySpringCGLIB$$4a0ff37c] is not eligible for getting processed by all BeanPostProcessors (for example: not eligible for auto-proxying)
[2021-12-15 09:22:46.167] [org.springframework.boot.web.embedded.tomcat.TomcatWebServer] [restartedMain] [108] [INFO ] Tomcat initialized with port(s): 8090 (http)
[2021-12-15 09:22:46.176] [org.apache.juli.logging.DirectJDKLog] [restartedMain] [173] [INFO ] Initializing ProtocolHandler ["http-nio-8090"]
[2021-12-15 09:22:46.177] [org.apache.juli.logging.DirectJDKLog] [restartedMain] [173] [INFO ] Starting service [Tomcat]
[2021-12-15 09:22:46.177] [org.apache.juli.logging.DirectJDKLog] [restartedMain] [173] [INFO ] Starting Servlet engine: [Apache Tomcat/9.0.39]
[2021-12-15 09:22:46.239] [org.apache.juli.logging.DirectJDKLog] [restartedMain] [173] [INFO ] Initializing Spring embedded WebApplicationContext
[2021-12-15 09:22:46.240] [org.springframework.boot.web.servlet.context.ServletWebServerApplicationContext] [restartedMain] [289] [INFO ] Root WebApplicationContext: initialization completed in 1795 ms
[2021-12-15 09:22:46.835] [com.baomidou.mybatisplus.core.metadata.TableInfoHelper] [restartedMain] [307] [WARN ] Can not find table primary key in Class: "com.hongmai.clonfer.model.domain.CpBaseRole".
[2021-12-15 09:22:47.121] [org.springframework.security.access.intercept.AbstractSecurityInterceptor] [restartedMain] [153] [WARN ] Could not validate configuration attributes as the SecurityMetadataSource did not return any attributes from getAllConfigAttributes()
[2021-12-15 09:22:47.978] [org.springframework.context.support.AbstractApplicationContext] [restartedMain] [596] [WARN ] Exception encountered during context initialization - cancelling refresh attempt: org.springframework.beans.factory.BeanCreationException: Error creating bean with name 'ossUtil' defined in file [/Users/Development/ConferenceManagementSystem/Backend/target/classes/com/hongmai/clonfer/util/OssUtil.class]: Bean instantiation via constructor failed; nested exception is org.springframework.beans.BeanInstantiationException: Failed to instantiate [com.hongmai.clonfer.util.OssUtil]: Constructor threw exception; nested exception is io.minio.errors.InvalidResponseException: Non-XML response from server. Response code: 502, Content-Type: null, body: 
[2021-12-15 09:22:48.001] [org.apache.juli.logging.DirectJDKLog] [restartedMain] [173] [INFO ] Stopping service [Tomcat]
[2021-12-15 09:22:48.013] [org.springframework.boot.autoconfigure.logging.ConditionEvaluationReportLoggingListener] [restartedMain] [136] [INFO ] 

Error starting ApplicationContext. To display the conditions report re-run your application with 'debug' enabled.
[2021-12-15 09:28:20.111] [org.hibernate.validator.internal.util.Version] [background-preinit] [21] [INFO ] HV000001: Hibernate Validator 6.1.6.Final
[2021-12-15 09:28:20.116] [org.springframework.boot.StartupInfoLogger] [restartedMain] [55] [INFO ] Starting StartConferencePlus using Java 1.8.0_281 on MacBook-Pro.local with PID 29359 (/Users/Development/ConferenceManagementSystem/Backend/target/classes started by joel in /Users/Development/ConferenceManagementSystem/Backend)
[2021-12-15 09:28:20.117] [org.springframework.boot.SpringApplication] [restartedMain] [660] [INFO ] No active profile set, falling back to default profiles: default
[2021-12-15 09:28:20.154] [org.springframework.boot.logging.DeferredLog] [restartedMain] [255] [INFO ] Devtools property defaults active! Set 'spring.devtools.add-properties' to 'false' to disable
[2021-12-15 09:28:20.154] [org.springframework.boot.logging.DeferredLog] [restartedMain] [255] [INFO ] For additional web related logging consider setting the 'logging.level.web' property to 'DEBUG'
[2021-12-15 09:28:21.039] [org.springframework.data.repository.config.RepositoryConfigurationDelegate] [restartedMain] [250] [INFO ] Multiple Spring Data modules found, entering strict repository configuration mode!
[2021-12-15 09:28:21.041] [org.springframework.data.repository.config.RepositoryConfigurationDelegate] [restartedMain] [128] [INFO ] Bootstrapping Spring Data Redis repositories in DEFAULT mode.
[2021-12-15 09:28:21.070] [org.springframework.data.repository.config.RepositoryConfigurationDelegate] [restartedMain] [188] [INFO ] Finished Spring Data repository scanning in 16 ms. Found 0 Redis repository interfaces.
[2021-12-15 09:28:21.482] [org.springframework.context.support.PostProcessorRegistrationDelegate$BeanPostProcessorChecker] [restartedMain] [350] [INFO ] Bean 'redisConfig' of type [com.hongmai.clonfer.config.RedisConfig$$EnhancerBySpringCGLIB$$37544991] is not eligible for getting processed by all BeanPostProcessors (for example: not eligible for auto-proxying)
[2021-12-15 09:28:21.793] [org.springframework.boot.web.embedded.tomcat.TomcatWebServer] [restartedMain] [108] [INFO ] Tomcat initialized with port(s): 8090 (http)
[2021-12-15 09:28:21.801] [org.apache.juli.logging.DirectJDKLog] [restartedMain] [173] [INFO ] Initializing ProtocolHandler ["http-nio-8090"]
[2021-12-15 09:28:21.801] [org.apache.juli.logging.DirectJDKLog] [restartedMain] [173] [INFO ] Starting service [Tomcat]
[2021-12-15 09:28:21.801] [org.apache.juli.logging.DirectJDKLog] [restartedMain] [173] [INFO ] Starting Servlet engine: [Apache Tomcat/9.0.39]
[2021-12-15 09:28:21.857] [org.apache.juli.logging.DirectJDKLog] [restartedMain] [173] [INFO ] Initializing Spring embedded WebApplicationContext
[2021-12-15 09:28:21.857] [org.springframework.boot.web.servlet.context.ServletWebServerApplicationContext] [restartedMain] [289] [INFO ] Root WebApplicationContext: initialization completed in 1702 ms
[2021-12-15 09:28:22.391] [com.baomidou.mybatisplus.core.metadata.TableInfoHelper] [restartedMain] [307] [WARN ] Can not find table primary key in Class: "com.hongmai.clonfer.model.domain.CpBaseRole".
[2021-12-15 09:28:22.680] [org.springframework.security.access.intercept.AbstractSecurityInterceptor] [restartedMain] [153] [WARN ] Could not validate configuration attributes as the SecurityMetadataSource did not return any attributes from getAllConfigAttributes()
[2021-12-15 09:28:23.330] [org.springframework.context.support.AbstractApplicationContext] [restartedMain] [596] [WARN ] Exception encountered during context initialization - cancelling refresh attempt: org.springframework.beans.factory.BeanCreationException: Error creating bean with name 'ossUtil' defined in file [/Users/Development/ConferenceManagementSystem/Backend/target/classes/com/hongmai/clonfer/util/OssUtil.class]: Bean instantiation via constructor failed; nested exception is org.springframework.beans.BeanInstantiationException: Failed to instantiate [com.hongmai.clonfer.util.OssUtil]: Constructor threw exception; nested exception is io.minio.errors.InvalidResponseException: Non-XML response from server. Response code: 502, Content-Type: null, body: 
[2021-12-15 09:28:23.346] [org.apache.juli.logging.DirectJDKLog] [restartedMain] [173] [INFO ] Stopping service [Tomcat]
[2021-12-15 09:28:23.357] [org.springframework.boot.autoconfigure.logging.ConditionEvaluationReportLoggingListener] [restartedMain] [136] [INFO ] 

Error starting ApplicationContext. To display the conditions report re-run your application with 'debug' enabled.
[2021-12-15 09:35:26.675] [org.hibernate.validator.internal.util.Version] [background-preinit] [21] [INFO ] HV000001: Hibernate Validator 6.1.6.Final
[2021-12-15 09:35:26.684] [org.springframework.boot.StartupInfoLogger] [restartedMain] [55] [INFO ] Starting StartConferencePlus using Java 1.8.0_281 on MacBook-Pro.local with PID 29421 (/Users/Development/ConferenceManagementSystem/Backend/target/classes started by joel in /Users/Development/ConferenceManagementSystem/Backend)
[2021-12-15 09:35:26.684] [org.springframework.boot.SpringApplication] [restartedMain] [660] [INFO ] No active profile set, falling back to default profiles: default
[2021-12-15 09:35:26.720] [org.springframework.boot.logging.DeferredLog] [restartedMain] [255] [INFO ] Devtools property defaults active! Set 'spring.devtools.add-properties' to 'false' to disable
[2021-12-15 09:35:26.721] [org.springframework.boot.logging.DeferredLog] [restartedMain] [255] [INFO ] For additional web related logging consider setting the 'logging.level.web' property to 'DEBUG'
[2021-12-15 09:35:27.600] [org.springframework.data.repository.config.RepositoryConfigurationDelegate] [restartedMain] [250] [INFO ] Multiple Spring Data modules found, entering strict repository configuration mode!
[2021-12-15 09:35:27.602] [org.springframework.data.repository.config.RepositoryConfigurationDelegate] [restartedMain] [128] [INFO ] Bootstrapping Spring Data Redis repositories in DEFAULT mode.
[2021-12-15 09:35:27.633] [org.springframework.data.repository.config.RepositoryConfigurationDelegate] [restartedMain] [188] [INFO ] Finished Spring Data repository scanning in 17 ms. Found 0 Redis repository interfaces.
[2021-12-15 09:35:28.049] [org.springframework.context.support.PostProcessorRegistrationDelegate$BeanPostProcessorChecker] [restartedMain] [350] [INFO ] Bean 'redisConfig' of type [com.hongmai.clonfer.config.RedisConfig$$EnhancerBySpringCGLIB$$d5a37cb4] is not eligible for getting processed by all BeanPostProcessors (for example: not eligible for auto-proxying)
[2021-12-15 09:35:28.387] [org.springframework.boot.web.embedded.tomcat.TomcatWebServer] [restartedMain] [108] [INFO ] Tomcat initialized with port(s): 8090 (http)
[2021-12-15 09:35:28.395] [org.apache.juli.logging.DirectJDKLog] [restartedMain] [173] [INFO ] Initializing ProtocolHandler ["http-nio-8090"]
[2021-12-15 09:35:28.395] [org.apache.juli.logging.DirectJDKLog] [restartedMain] [173] [INFO ] Starting service [Tomcat]
[2021-12-15 09:35:28.395] [org.apache.juli.logging.DirectJDKLog] [restartedMain] [173] [INFO ] Starting Servlet engine: [Apache Tomcat/9.0.39]
[2021-12-15 09:35:28.450] [org.apache.juli.logging.DirectJDKLog] [restartedMain] [173] [INFO ] Initializing Spring embedded WebApplicationContext
[2021-12-15 09:35:28.451] [org.springframework.boot.web.servlet.context.ServletWebServerApplicationContext] [restartedMain] [289] [INFO ] Root WebApplicationContext: initialization completed in 1729 ms
[2021-12-15 09:35:28.977] [com.baomidou.mybatisplus.core.metadata.TableInfoHelper] [restartedMain] [307] [WARN ] Can not find table primary key in Class: "com.hongmai.clonfer.model.domain.CpBaseRole".
[2021-12-15 09:35:29.267] [org.springframework.security.access.intercept.AbstractSecurityInterceptor] [restartedMain] [153] [WARN ] Could not validate configuration attributes as the SecurityMetadataSource did not return any attributes from getAllConfigAttributes()
[2021-12-15 09:35:31.181] [org.springframework.security.web.DefaultSecurityFilterChain] [restartedMain] [51] [INFO ] Will secure any request with [org.springframework.security.web.context.request.async.WebAsyncManagerIntegrationFilter@19863fbd, org.springframework.security.web.context.SecurityContextPersistenceFilter@7db04ac1, org.springframework.security.web.header.HeaderWriterFilter@33fed6b5, org.springframework.web.filter.CorsFilter@43e386f3, org.springframework.security.web.authentication.logout.LogoutFilter@483fd951, com.hongmai.clonfer.security.LoginFilter@743ed426, org.springframework.security.web.savedrequest.RequestCacheAwareFilter@5ce55edb, org.springframework.security.web.servletapi.SecurityContextHolderAwareRequestFilter@5ac0442c, org.springframework.security.web.authentication.AnonymousAuthenticationFilter@6652b327, org.springframework.security.web.session.SessionManagementFilter@19817d32, org.springframework.security.web.access.ExceptionTranslationFilter@2047ab9, com.hongmai.clonfer.security.AuthFilter@31ec6be4, org.springframework.security.web.access.intercept.FilterSecurityInterceptor@4e4490d8]
[2021-12-15 09:35:31.241] [org.springframework.scheduling.concurrent.ExecutorConfigurationSupport] [restartedMain] [181] [INFO ] Initializing ExecutorService 'applicationTaskExecutor'
[2021-12-15 09:35:31.283] [org.springframework.boot.devtools.autoconfigure.OptionalLiveReloadServer] [restartedMain] [58] [INFO ] LiveReload server is running on port 35729
[2021-12-15 09:35:31.353] [org.springframework.boot.autoconfigure.thymeleaf.ThymeleafAutoConfiguration$DefaultTemplateResolverConfiguration] [restartedMain] [105] [WARN ] Cannot find template location: classpath:/templates/ (please add some templates or check your Thymeleaf configuration)
[2021-12-15 09:35:31.635] [org.apache.juli.logging.DirectJDKLog] [restartedMain] [173] [INFO ] Starting ProtocolHandler ["http-nio-8090"]
[2021-12-15 09:35:31.662] [org.springframework.boot.web.embedded.tomcat.TomcatWebServer] [restartedMain] [220] [INFO ] Tomcat started on port(s): 8090 (http) with context path ''
[2021-12-15 09:35:32.065] [org.springframework.boot.StartupInfoLogger] [restartedMain] [61] [INFO ] Started StartConferencePlus in 5.699 seconds (JVM running for 6.74)
[2021-12-15 09:35:32.073] [com.zaxxer.hikari.HikariDataSource] [restartedMain] [110] [INFO ] HikariPool-1 - Starting...
[2021-12-15 09:35:36.018] [com.zaxxer.hikari.HikariDataSource] [restartedMain] [123] [INFO ] HikariPool-1 - Start completed.
[2021-12-15 09:35:36.311] [com.hongmai.clonfer.security.plugin.MyPaginationInterceptor] [restartedMain] [41] [INFO ] mapper: ==> com.hongmai.clonfer.mapper.CpBaseResourcesMapper.delete
[2021-12-15 09:35:36.311] [org.apache.ibatis.logging.jdbc.BaseJdbcLogger] [restartedMain] [137] [DEBUG] ==>  Preparing: DELETE FROM cp_base_resource WHERE (type = ?)
[2021-12-15 09:35:36.332] [org.apache.ibatis.logging.jdbc.BaseJdbcLogger] [restartedMain] [137] [DEBUG] ==> Parameters: 1(Integer)
[2021-12-15 09:35:36.947] [org.apache.ibatis.logging.jdbc.BaseJdbcLogger] [restartedMain] [137] [DEBUG] <==    Updates: 9
[2021-12-15 09:35:37.686] [com.hongmai.clonfer.security.plugin.MyPaginationInterceptor] [restartedMain] [41] [INFO ] mapper: ==> com.hongmai.clonfer.mapper.CpBaseResourcesMapper.insertResources
[2021-12-15 09:35:37.687] [org.apache.ibatis.logging.jdbc.BaseJdbcLogger] [restartedMain] [137] [DEBUG] ==>  Preparing: insert into cp_base_resource(uuid, code, path, name, type, action, subject) values (?, ?, ?, ?, ?, ?, ?) , (?, ?, ?, ?, ?, ?, ?) , (?, ?, ?, ?, ?, ?, ?) , (?, ?, ?, ?, ?, ?, ?) , (?, ?, ?, ?, ?, ?, ?) , (?, ?, ?, ?, ?, ?, ?) , (?, ?, ?, ?, ?, ?, ?) , (?, ?, ?, ?, ?, ?, ?) , (?, ?, ?, ?, ?, ?, ?)
[2021-12-15 09:35:37.690] [org.apache.ibatis.logging.jdbc.BaseJdbcLogger] [restartedMain] [137] [DEBUG] ==> Parameters: 66973e27-e4b4-4665-aec2-b64c07730187(String), 1003(Integer), PUT:/api/v1/conference(String), 会议管理(String), 1(Integer), manage(String), all(String), 02f03ae8-ead6-49af-91da-e5ae1bb9696a(String), 1004(Integer), GET:/api/v1/conference/page/{currentPage}(String), 会议管理(String), 1(Integer), manage(String), all(String), 070bfb11-3ba5-471f-a05e-37a97aefe78e(String), 101(Integer), GET:/api/v1/user/search(String), 用户管理(String), 1(Integer), manage(String), all(String), b2321e27-64f2-4ea1-aad4-55f745d98bc5(String), 2002(Integer), DELETE:/API/role(String), 角色管理(String), 1(Integer), manage(String), all(String), b2f4650a-6341-4293-866e-d4b8d4b420bf(String), 2003(Integer), PUT:/API/role(String), 角色管理(String), 1(Integer), manage(String), all(String), 560b442c-3095-4eb8-a542-4d23cd97159b(String), 1002(Integer), DELETE:/api/v1/conference(String), 会议管理(String), 1(Integer), manage(String), all(String), 98d66690-a88a-44f5-b82d-ec43f8c366ea(String), 2001(Integer), POST:/API/role(String), 角色管理(String), 1(Integer), manage(String), all(String), 67b0ef50-810f-42a1-94cb-c155ababed05(String), 1001(Integer), POST:/api/v1/conference(String), 会议管理(String), 1(Integer), manage(String), all(String), 49be11aa-e39c-4877-9112-09eaadf33a8f(String), 1005(Integer), GET:/api/v1/conference/detail/{conferenceId}(String), 会议管理(String), 1(Integer), manage(String), all(String)
[2021-12-15 09:35:38.131] [org.apache.ibatis.logging.jdbc.BaseJdbcLogger] [restartedMain] [137] [DEBUG] <==    Updates: 9
[2021-12-15 09:36:59.850] [org.springframework.scheduling.concurrent.ExecutorConfigurationSupport] [SpringContextShutdownHook] [218] [INFO ] Shutting down ExecutorService 'applicationTaskExecutor'
[2021-12-15 09:36:59.854] [com.zaxxer.hikari.HikariDataSource] [SpringContextShutdownHook] [350] [INFO ] HikariPool-1 - Shutdown initiated...
[2021-12-15 09:36:59.861] [com.zaxxer.hikari.HikariDataSource] [SpringContextShutdownHook] [352] [INFO ] HikariPool-1 - Shutdown completed.
