[2021-10-13 14:43:11.234] [org.hibernate.validator.internal.util.Version] [background-preinit] [21] [INFO ] HV000001: Hibernate Validator 6.1.6.Final
[2021-10-13 14:43:11.241] [org.springframework.boot.StartupInfoLogger] [restartedMain] [55] [INFO ] Starting StartConferencePlus using Java 1.8.0_281 on MacBook-Pro.local with PID 84407 (/Users/Development/ConferenceManagementSystem/Backend/target/classes started by joel in /Users/Development/ConferenceManagementSystem/Backend)
[2021-10-13 14:43:11.242] [org.springframework.boot.SpringApplication] [restartedMain] [660] [INFO ] No active profile set, falling back to default profiles: default
[2021-10-13 14:43:11.312] [org.springframework.boot.logging.DeferredLog] [restartedMain] [255] [INFO ] Devtools property defaults active! Set 'spring.devtools.add-properties' to 'false' to disable
[2021-10-13 14:43:11.312] [org.springframework.boot.logging.DeferredLog] [restartedMain] [255] [INFO ] For additional web related logging consider setting the 'logging.level.web' property to 'DEBUG'
[2021-10-13 14:43:12.477] [org.springframework.data.repository.config.RepositoryConfigurationDelegate] [restartedMain] [250] [INFO ] Multiple Spring Data modules found, entering strict repository configuration mode!
[2021-10-13 14:43:12.479] [org.springframework.data.repository.config.RepositoryConfigurationDelegate] [restartedMain] [128] [INFO ] Bootstrapping Spring Data Redis repositories in DEFAULT mode.
[2021-10-13 14:43:12.513] [org.springframework.data.repository.config.RepositoryConfigurationDelegate] [restartedMain] [188] [INFO ] Finished Spring Data repository scanning in 18 ms. Found 0 Redis repository interfaces.
[2021-10-13 14:43:13.025] [org.springframework.context.support.PostProcessorRegistrationDelegate$BeanPostProcessorChecker] [restartedMain] [350] [INFO ] Bean 'redisConfig' of type [com.hongmai.clonfer.config.RedisConfig$$EnhancerBySpringCGLIB$$a140ce29] is not eligible for getting processed by all BeanPostProcessors (for example: not eligible for auto-proxying)
[2021-10-13 14:43:13.392] [org.springframework.boot.web.embedded.tomcat.TomcatWebServer] [restartedMain] [108] [INFO ] Tomcat initialized with port(s): 8090 (http)
[2021-10-13 14:43:13.400] [org.apache.juli.logging.DirectJDKLog] [restartedMain] [173] [INFO ] Initializing ProtocolHandler ["http-nio-8090"]
[2021-10-13 14:43:13.401] [org.apache.juli.logging.DirectJDKLog] [restartedMain] [173] [INFO ] Starting service [Tomcat]
[2021-10-13 14:43:13.401] [org.apache.juli.logging.DirectJDKLog] [restartedMain] [173] [INFO ] Starting Servlet engine: [Apache Tomcat/9.0.39]
[2021-10-13 14:43:13.460] [org.apache.juli.logging.DirectJDKLog] [restartedMain] [173] [INFO ] Initializing Spring embedded WebApplicationContext
[2021-10-13 14:43:13.460] [org.springframework.boot.web.servlet.context.ServletWebServerApplicationContext] [restartedMain] [289] [INFO ] Root WebApplicationContext: initialization completed in 2147 ms
[2021-10-13 14:43:14.091] [com.baomidou.mybatisplus.core.metadata.TableInfoHelper] [restartedMain] [307] [WARN ] Can not find table primary key in Class: "com.hongmai.clonfer.model.domain.CpBaseRole".
[2021-10-13 14:43:14.395] [org.springframework.security.access.intercept.AbstractSecurityInterceptor] [restartedMain] [153] [WARN ] Could not validate configuration attributes as the SecurityMetadataSource did not return any attributes from getAllConfigAttributes()
[2021-10-13 14:43:16.615] [org.springframework.security.web.DefaultSecurityFilterChain] [restartedMain] [51] [INFO ] Will secure any request with [org.springframework.security.web.context.request.async.WebAsyncManagerIntegrationFilter@13732436, org.springframework.security.web.context.SecurityContextPersistenceFilter@28bf35e2, org.springframework.security.web.header.HeaderWriterFilter@5d851a67, org.springframework.web.filter.CorsFilter@6fa70b2c, org.springframework.security.web.authentication.logout.LogoutFilter@3a565a32, com.hongmai.clonfer.security.LoginFilter@1f5a1c25, org.springframework.security.web.savedrequest.RequestCacheAwareFilter@61af3fc4, org.springframework.security.web.servletapi.SecurityContextHolderAwareRequestFilter@44b57ed6, org.springframework.security.web.authentication.AnonymousAuthenticationFilter@21e77810, org.springframework.security.web.session.SessionManagementFilter@2a61b2ea, org.springframework.security.web.access.ExceptionTranslationFilter@5657d6f8, com.hongmai.clonfer.security.AuthFilter@3adbd702, org.springframework.security.web.access.intercept.FilterSecurityInterceptor@6f713e88]
[2021-10-13 14:43:16.676] [org.springframework.scheduling.concurrent.ExecutorConfigurationSupport] [restartedMain] [181] [INFO ] Initializing ExecutorService 'applicationTaskExecutor'
[2021-10-13 14:43:16.720] [org.springframework.boot.devtools.autoconfigure.OptionalLiveReloadServer] [restartedMain] [58] [INFO ] LiveReload server is running on port 35729
[2021-10-13 14:43:16.791] [org.springframework.boot.autoconfigure.thymeleaf.ThymeleafAutoConfiguration$DefaultTemplateResolverConfiguration] [restartedMain] [105] [WARN ] Cannot find template location: classpath:/templates/ (please add some templates or check your Thymeleaf configuration)
[2021-10-13 14:43:17.136] [org.apache.juli.logging.DirectJDKLog] [restartedMain] [173] [INFO ] Starting ProtocolHandler ["http-nio-8090"]
[2021-10-13 14:43:17.164] [org.springframework.boot.web.embedded.tomcat.TomcatWebServer] [restartedMain] [220] [INFO ] Tomcat started on port(s): 8090 (http) with context path ''
[2021-10-13 14:43:17.580] [org.springframework.boot.StartupInfoLogger] [restartedMain] [61] [INFO ] Started StartConferencePlus in 6.727 seconds (JVM running for 7.518)
[2021-10-13 14:43:17.588] [com.zaxxer.hikari.HikariDataSource] [restartedMain] [110] [INFO ] HikariPool-1 - Starting...
[2021-10-13 14:43:21.372] [com.zaxxer.hikari.HikariDataSource] [restartedMain] [123] [INFO ] HikariPool-1 - Start completed.
[2021-10-13 14:43:21.687] [com.hongmai.clonfer.security.plugin.MyPaginationInterceptor] [restartedMain] [41] [INFO ] mapper: ==> com.hongmai.clonfer.mapper.CpBaseResourcesMapper.delete
[2021-10-13 14:43:21.687] [org.apache.ibatis.logging.jdbc.BaseJdbcLogger] [restartedMain] [137] [DEBUG] ==>  Preparing: DELETE FROM cp_base_resource WHERE (type = ?)
[2021-10-13 14:43:21.706] [org.apache.ibatis.logging.jdbc.BaseJdbcLogger] [restartedMain] [137] [DEBUG] ==> Parameters: 1(Integer)
[2021-10-13 14:43:22.195] [org.apache.ibatis.logging.jdbc.BaseJdbcLogger] [restartedMain] [137] [DEBUG] <==    Updates: 9
[2021-10-13 14:43:22.934] [com.hongmai.clonfer.security.plugin.MyPaginationInterceptor] [restartedMain] [41] [INFO ] mapper: ==> com.hongmai.clonfer.mapper.CpBaseResourcesMapper.insertResources
[2021-10-13 14:43:22.934] [org.apache.ibatis.logging.jdbc.BaseJdbcLogger] [restartedMain] [137] [DEBUG] ==>  Preparing: insert into cp_base_resource(uuid, code, path, name, type, action, subject) values (?, ?, ?, ?, ?, ?, ?) , (?, ?, ?, ?, ?, ?, ?) , (?, ?, ?, ?, ?, ?, ?) , (?, ?, ?, ?, ?, ?, ?) , (?, ?, ?, ?, ?, ?, ?) , (?, ?, ?, ?, ?, ?, ?) , (?, ?, ?, ?, ?, ?, ?) , (?, ?, ?, ?, ?, ?, ?) , (?, ?, ?, ?, ?, ?, ?)
[2021-10-13 14:43:22.937] [org.apache.ibatis.logging.jdbc.BaseJdbcLogger] [restartedMain] [137] [DEBUG] ==> Parameters: c199d2cb-ebde-48dc-9856-ff0027e7663d(String), 1003(Integer), PUT:/api/v1/conference(String), 会议管理(String), 1(Integer), manage(String), all(String), 19ea4431-a6a6-4872-a200-f9e636308201(String), 1005(Integer), GET:/api/v1/conference/detail/{conferenceId}(String), 会议管理(String), 1(Integer), manage(String), all(String), fe675ef7-3c01-4eec-b3fa-578731d10146(String), 101(Integer), GET:/api/v1/user/search(String), 用户管理(String), 1(Integer), manage(String), all(String), 10173278-c7ad-4f27-b960-21def25e9790(String), 1001(Integer), POST:/api/v1/conference(String), 会议管理(String), 1(Integer), manage(String), all(String), 2e6e3b52-491e-4364-9d49-d3874cd9d7c9(String), 2002(Integer), DELETE:/API/role(String), 角色管理(String), 1(Integer), manage(String), all(String), f0596e48-6e1b-496a-951c-8d268b784ea1(String), 1002(Integer), DELETE:/api/v1/conference(String), 会议管理(String), 1(Integer), manage(String), all(String), 7d7e290f-4e64-423e-b51a-6326df4c0ccf(String), 2003(Integer), PUT:/API/role(String), 角色管理(String), 1(Integer), manage(String), all(String), 18ba2aa8-8750-4d47-ae53-a758d63db523(String), 1004(Integer), GET:/api/v1/conference/page/{currentPage}(String), 会议管理(String), 1(Integer), manage(String), all(String), d4913a67-9394-4a5d-ab13-583525223064(String), 2001(Integer), POST:/API/role(String), 角色管理(String), 1(Integer), manage(String), all(String)
[2021-10-13 14:43:23.425] [org.apache.ibatis.logging.jdbc.BaseJdbcLogger] [restartedMain] [137] [DEBUG] <==    Updates: 9
[2021-10-13 14:43:31.346] [org.apache.juli.logging.DirectJDKLog] [http-nio-8090-exec-1] [173] [INFO ] Initializing Spring DispatcherServlet 'dispatcherServlet'
[2021-10-13 14:43:31.347] [org.springframework.web.servlet.FrameworkServlet] [http-nio-8090-exec-1] [525] [INFO ] Initializing Servlet 'dispatcherServlet'
[2021-10-13 14:43:31.350] [org.springframework.web.servlet.FrameworkServlet] [http-nio-8090-exec-1] [547] [INFO ] Completed initialization in 3 ms
[2021-10-13 14:43:31.379] [com.hongmai.clonfer.security.AuthFilter] [http-nio-8090-exec-1] [41] [INFO ] ---AuthFilter---
[2021-10-13 14:43:31.380] [com.hongmai.clonfer.security.MySecurityMetadataSource] [http-nio-8090-exec-1] [32] [INFO ] ---MySecurityMetadataSource---
[2021-10-13 14:43:31.381] [com.hongmai.clonfer.security.AuthFilter] [http-nio-8090-exec-1] [41] [INFO ] ---AuthFilter---
[2021-10-13 14:43:31.382] [com.hongmai.clonfer.security.MySecurityMetadataSource] [http-nio-8090-exec-1] [32] [INFO ] ---MySecurityMetadataSource---
[2021-10-13 14:43:31.513] [com.hongmai.clonfer.security.AuthFilter] [http-nio-8090-exec-3] [41] [INFO ] ---AuthFilter---
[2021-10-13 14:43:31.513] [com.hongmai.clonfer.security.MySecurityMetadataSource] [http-nio-8090-exec-3] [32] [INFO ] ---MySecurityMetadataSource---
[2021-10-13 14:43:31.514] [com.hongmai.clonfer.security.AuthFilter] [http-nio-8090-exec-3] [41] [INFO ] ---AuthFilter---
[2021-10-13 14:43:31.513] [com.hongmai.clonfer.security.AuthFilter] [http-nio-8090-exec-2] [41] [INFO ] ---AuthFilter---
[2021-10-13 14:43:31.514] [com.hongmai.clonfer.security.MySecurityMetadataSource] [http-nio-8090-exec-3] [32] [INFO ] ---MySecurityMetadataSource---
[2021-10-13 14:43:31.514] [com.hongmai.clonfer.security.MySecurityMetadataSource] [http-nio-8090-exec-2] [32] [INFO ] ---MySecurityMetadataSource---
[2021-10-13 14:43:31.514] [com.hongmai.clonfer.security.AuthFilter] [http-nio-8090-exec-2] [41] [INFO ] ---AuthFilter---
[2021-10-13 14:43:31.514] [com.hongmai.clonfer.security.MySecurityMetadataSource] [http-nio-8090-exec-2] [32] [INFO ] ---MySecurityMetadataSource---
[2021-10-13 14:43:31.522] [com.hongmai.clonfer.security.AuthFilter] [http-nio-8090-exec-4] [41] [INFO ] ---AuthFilter---
[2021-10-13 14:43:31.523] [com.hongmai.clonfer.security.MySecurityMetadataSource] [http-nio-8090-exec-4] [32] [INFO ] ---MySecurityMetadataSource---
[2021-10-13 14:43:31.524] [com.hongmai.clonfer.security.AuthFilter] [http-nio-8090-exec-4] [41] [INFO ] ---AuthFilter---
[2021-10-13 14:43:31.524] [com.hongmai.clonfer.security.MySecurityMetadataSource] [http-nio-8090-exec-4] [32] [INFO ] ---MySecurityMetadataSource---
[2021-10-13 14:43:31.525] [com.hongmai.clonfer.security.AuthFilter] [http-nio-8090-exec-5] [41] [INFO ] ---AuthFilter---
[2021-10-13 14:43:31.526] [com.hongmai.clonfer.security.MySecurityMetadataSource] [http-nio-8090-exec-5] [32] [INFO ] ---MySecurityMetadataSource---
[2021-10-13 14:43:31.526] [com.hongmai.clonfer.security.AuthFilter] [http-nio-8090-exec-6] [41] [INFO ] ---AuthFilter---
[2021-10-13 14:43:31.526] [com.hongmai.clonfer.security.MySecurityMetadataSource] [http-nio-8090-exec-6] [32] [INFO ] ---MySecurityMetadataSource---
[2021-10-13 14:43:31.526] [com.hongmai.clonfer.security.AuthFilter] [http-nio-8090-exec-5] [41] [INFO ] ---AuthFilter---
[2021-10-13 14:43:31.527] [com.hongmai.clonfer.security.AuthFilter] [http-nio-8090-exec-6] [41] [INFO ] ---AuthFilter---
[2021-10-13 14:43:31.527] [com.hongmai.clonfer.security.MySecurityMetadataSource] [http-nio-8090-exec-5] [32] [INFO ] ---MySecurityMetadataSource---
[2021-10-13 14:43:31.527] [com.hongmai.clonfer.security.MySecurityMetadataSource] [http-nio-8090-exec-6] [32] [INFO ] ---MySecurityMetadataSource---
[2021-10-13 14:43:31.856] [com.hongmai.clonfer.security.AuthFilter] [http-nio-8090-exec-7] [41] [INFO ] ---AuthFilter---
[2021-10-13 14:43:31.857] [com.hongmai.clonfer.security.MySecurityMetadataSource] [http-nio-8090-exec-7] [32] [INFO ] ---MySecurityMetadataSource---
[2021-10-13 14:43:31.857] [com.hongmai.clonfer.security.AuthFilter] [http-nio-8090-exec-7] [41] [INFO ] ---AuthFilter---
[2021-10-13 14:43:31.857] [com.hongmai.clonfer.security.MySecurityMetadataSource] [http-nio-8090-exec-7] [32] [INFO ] ---MySecurityMetadataSource---
[2021-10-13 14:43:31.986] [com.hongmai.clonfer.security.AuthFilter] [http-nio-8090-exec-8] [41] [INFO ] ---AuthFilter---
[2021-10-13 14:43:31.987] [com.hongmai.clonfer.security.MySecurityMetadataSource] [http-nio-8090-exec-8] [32] [INFO ] ---MySecurityMetadataSource---
[2021-10-13 14:43:31.987] [com.hongmai.clonfer.security.AuthFilter] [http-nio-8090-exec-8] [41] [INFO ] ---AuthFilter---
[2021-10-13 14:43:31.987] [com.hongmai.clonfer.security.MySecurityMetadataSource] [http-nio-8090-exec-8] [32] [INFO ] ---MySecurityMetadataSource---
[2021-10-13 14:43:32.026] [com.hongmai.clonfer.security.AuthFilter] [http-nio-8090-exec-9] [41] [INFO ] ---AuthFilter---
[2021-10-13 14:43:32.027] [com.hongmai.clonfer.security.MySecurityMetadataSource] [http-nio-8090-exec-9] [32] [INFO ] ---MySecurityMetadataSource---
[2021-10-13 14:43:32.027] [com.hongmai.clonfer.security.AuthFilter] [http-nio-8090-exec-9] [41] [INFO ] ---AuthFilter---
[2021-10-13 14:43:32.027] [com.hongmai.clonfer.security.MySecurityMetadataSource] [http-nio-8090-exec-9] [32] [INFO ] ---MySecurityMetadataSource---
[2021-10-13 14:43:32.075] [com.hongmai.clonfer.security.AuthFilter] [http-nio-8090-exec-10] [41] [INFO ] ---AuthFilter---
[2021-10-13 14:43:32.075] [com.hongmai.clonfer.security.MySecurityMetadataSource] [http-nio-8090-exec-10] [32] [INFO ] ---MySecurityMetadataSource---
[2021-10-13 14:43:32.076] [com.hongmai.clonfer.security.AuthFilter] [http-nio-8090-exec-10] [41] [INFO ] ---AuthFilter---
[2021-10-13 14:43:32.076] [com.hongmai.clonfer.security.MySecurityMetadataSource] [http-nio-8090-exec-10] [32] [INFO ] ---MySecurityMetadataSource---
[2021-10-13 14:43:32.267] [com.hongmai.clonfer.security.AuthFilter] [http-nio-8090-exec-1] [41] [INFO ] ---AuthFilter---
[2021-10-13 14:43:32.267] [com.hongmai.clonfer.security.MySecurityMetadataSource] [http-nio-8090-exec-1] [32] [INFO ] ---MySecurityMetadataSource---
[2021-10-13 14:43:32.267] [com.hongmai.clonfer.security.AuthFilter] [http-nio-8090-exec-1] [41] [INFO ] ---AuthFilter---
[2021-10-13 14:43:32.268] [com.hongmai.clonfer.security.MySecurityMetadataSource] [http-nio-8090-exec-1] [32] [INFO ] ---MySecurityMetadataSource---
[2021-10-13 14:43:32.393] [com.hongmai.clonfer.security.AuthFilter] [http-nio-8090-exec-2] [41] [INFO ] ---AuthFilter---
[2021-10-13 14:43:32.393] [com.hongmai.clonfer.security.MySecurityMetadataSource] [http-nio-8090-exec-2] [32] [INFO ] ---MySecurityMetadataSource---
[2021-10-13 14:43:32.394] [com.hongmai.clonfer.security.AuthFilter] [http-nio-8090-exec-2] [41] [INFO ] ---AuthFilter---
[2021-10-13 14:43:32.394] [com.hongmai.clonfer.security.MySecurityMetadataSource] [http-nio-8090-exec-2] [32] [INFO ] ---MySecurityMetadataSource---
[2021-10-13 16:42:52.478] [com.zaxxer.hikari.pool.HikariPool$HouseKeeper] [HikariPool-1 housekeeper] [787] [WARN ] HikariPool-1 - Thread starvation or clock leap detected (housekeeper delta=1m57s689ms).
[2021-10-13 16:57:54.196] [com.zaxxer.hikari.pool.HikariPool$HouseKeeper] [HikariPool-1 housekeeper] [787] [WARN ] HikariPool-1 - Thread starvation or clock leap detected (housekeeper delta=15m1s730ms).
[2021-10-13 17:21:26.629] [com.zaxxer.hikari.pool.HikariPool$HouseKeeper] [HikariPool-1 housekeeper] [787] [WARN ] HikariPool-1 - Thread starvation or clock leap detected (housekeeper delta=23m32s433ms).
[2021-10-13 17:35:06.903] [com.zaxxer.hikari.pool.HikariPool$HouseKeeper] [HikariPool-1 housekeeper] [787] [WARN ] HikariPool-1 - Thread starvation or clock leap detected (housekeeper delta=13m40s274ms).
